<?xml version="1.0" encoding="UTF-8"?>
<testsuite name="com.positiveref.inditex.InditexApplicationTests" tests="1" skipped="0" failures="0" errors="0" timestamp="2023-07-13T15:55:00" hostname="MacBook-Air-de-Alvaro.local" time="0.108">
  <properties/>
  <testcase name="contextLoads()" classname="com.positiveref.inditex.InditexApplicationTests" time="0.108"/>
  <system-out><![CDATA[17:54:59.053 [Test worker] DEBUG org.springframework.test.context.BootstrapUtils - Instantiating CacheAwareContextLoaderDelegate from class [org.springframework.test.context.cache.DefaultCacheAwareContextLoaderDelegate]
17:54:59.057 [Test worker] DEBUG org.springframework.test.context.BootstrapUtils - Instantiating BootstrapContext using constructor [public org.springframework.test.context.support.DefaultBootstrapContext(java.lang.Class,org.springframework.test.context.CacheAwareContextLoaderDelegate)]
17:54:59.072 [Test worker] DEBUG org.springframework.test.context.BootstrapUtils - Instantiating TestContextBootstrapper for test class [com.positiveref.inditex.InditexApplicationTests] from class [org.springframework.boot.test.context.SpringBootTestContextBootstrapper]
17:54:59.077 [Test worker] INFO org.springframework.boot.test.context.SpringBootTestContextBootstrapper - Neither @ContextConfiguration nor @ContextHierarchy found for test class [com.positiveref.inditex.InditexApplicationTests], using SpringBootContextLoader
17:54:59.084 [Test worker] DEBUG org.springframework.test.context.support.AbstractContextLoader - Did not detect default resource location for test class [com.positiveref.inditex.InditexApplicationTests]: class path resource [com/positiveref/inditex/InditexApplicationTests-context.xml] does not exist
17:54:59.084 [Test worker] DEBUG org.springframework.test.context.support.AbstractContextLoader - Did not detect default resource location for test class [com.positiveref.inditex.InditexApplicationTests]: class path resource [com/positiveref/inditex/InditexApplicationTestsContext.groovy] does not exist
17:54:59.085 [Test worker] INFO org.springframework.test.context.support.AbstractContextLoader - Could not detect default resource locations for test class [com.positiveref.inditex.InditexApplicationTests]: no resource found for suffixes {-context.xml, Context.groovy}.
17:54:59.085 [Test worker] INFO org.springframework.test.context.support.AnnotationConfigContextLoaderUtils - Could not detect default configuration classes for test class [com.positiveref.inditex.InditexApplicationTests]: InditexApplicationTests does not declare any static, non-private, non-final, nested classes annotated with @Configuration.
17:54:59.100 [Test worker] DEBUG org.springframework.test.context.support.ActiveProfilesUtils - Could not find an 'annotation declaring class' for annotation type [org.springframework.test.context.ActiveProfiles] and class [com.positiveref.inditex.InditexApplicationTests]
17:54:59.123 [Test worker] DEBUG org.springframework.context.annotation.ClassPathScanningCandidateComponentProvider - Identified candidate component class: file [/Users/alvarosantos/workspace/Inditex/build/classes/java/main/com/positiveref/inditex/InditexApplication.class]
17:54:59.123 [Test worker] INFO org.springframework.boot.test.context.SpringBootTestContextBootstrapper - Found @SpringBootConfiguration com.positiveref.inditex.InditexApplication for test class com.positiveref.inditex.InditexApplicationTests
17:54:59.166 [Test worker] DEBUG org.springframework.boot.test.context.SpringBootTestContextBootstrapper - @TestExecutionListeners is not present for class [com.positiveref.inditex.InditexApplicationTests]: using defaults.
17:54:59.167 [Test worker] INFO org.springframework.boot.test.context.SpringBootTestContextBootstrapper - Loaded default TestExecutionListener class names from location [META-INF/spring.factories]: [org.springframework.boot.test.autoconfigure.restdocs.RestDocsTestExecutionListener, org.springframework.boot.test.autoconfigure.web.client.MockRestServiceServerResetTestExecutionListener, org.springframework.boot.test.autoconfigure.web.servlet.MockMvcPrintOnlyOnFailureTestExecutionListener, org.springframework.boot.test.autoconfigure.web.servlet.WebDriverTestExecutionListener, org.springframework.boot.test.autoconfigure.webservices.client.MockWebServiceServerTestExecutionListener, org.springframework.boot.test.mock.mockito.MockitoTestExecutionListener, org.springframework.boot.test.mock.mockito.ResetMocksTestExecutionListener, org.springframework.test.context.web.ServletTestExecutionListener, org.springframework.test.context.support.DirtiesContextBeforeModesTestExecutionListener, org.springframework.test.context.event.ApplicationEventsTestExecutionListener, org.springframework.test.context.support.DependencyInjectionTestExecutionListener, org.springframework.test.context.support.DirtiesContextTestExecutionListener, org.springframework.test.context.transaction.TransactionalTestExecutionListener, org.springframework.test.context.jdbc.SqlScriptsTestExecutionListener, org.springframework.test.context.event.EventPublishingTestExecutionListener]
17:54:59.173 [Test worker] INFO org.springframework.boot.test.context.SpringBootTestContextBootstrapper - Using TestExecutionListeners: [org.springframework.test.context.web.ServletTestExecutionListener@32f61a31, org.springframework.test.context.support.DirtiesContextBeforeModesTestExecutionListener@f5c79a6, org.springframework.test.context.event.ApplicationEventsTestExecutionListener@669253b7, org.springframework.boot.test.mock.mockito.MockitoTestExecutionListener@5305c37d, org.springframework.boot.test.autoconfigure.SpringBootDependencyInjectionTestExecutionListener@51a06cbe, org.springframework.test.context.support.DirtiesContextTestExecutionListener@3dddbe65, org.springframework.test.context.transaction.TransactionalTestExecutionListener@49a64d82, org.springframework.test.context.jdbc.SqlScriptsTestExecutionListener@344561e0, org.springframework.test.context.event.EventPublishingTestExecutionListener@66d23e4a, org.springframework.boot.test.autoconfigure.restdocs.RestDocsTestExecutionListener@36ac8a63, org.springframework.boot.test.autoconfigure.web.client.MockRestServiceServerResetTestExecutionListener@4d9d1b69, org.springframework.boot.test.autoconfigure.web.servlet.MockMvcPrintOnlyOnFailureTestExecutionListener@52c8295b, org.springframework.boot.test.autoconfigure.web.servlet.WebDriverTestExecutionListener@251f7d26, org.springframework.boot.test.autoconfigure.webservices.client.MockWebServiceServerTestExecutionListener@77b21474, org.springframework.boot.test.mock.mockito.ResetMocksTestExecutionListener@52d10fb8]
17:54:59.175 [Test worker] DEBUG org.springframework.test.context.support.AbstractDirtiesContextTestExecutionListener - Before test class: context [DefaultTestContext@5851bd4f testClass = InditexApplicationTests, testInstance = [null], testMethod = [null], testException = [null], mergedContextConfiguration = [WebMergedContextConfiguration@7cd1ac19 testClass = InditexApplicationTests, locations = '{}', classes = '{class com.positiveref.inditex.InditexApplication}', contextInitializerClasses = '[]', activeProfiles = '{}', propertySourceLocations = '{}', propertySourceProperties = '{org.springframework.boot.test.context.SpringBootTestContextBootstrapper=true}', contextCustomizers = set[org.springframework.boot.test.autoconfigure.actuate.metrics.MetricsExportContextCustomizerFactory$DisableMetricExportContextCustomizer@5bc9ba1d, org.springframework.boot.test.autoconfigure.properties.PropertyMappingContextCustomizer@0, org.springframework.boot.test.autoconfigure.web.servlet.WebDriverContextCustomizerFactory$Customizer@fb9c7aa, org.springframework.boot.test.context.filter.ExcludeFilterContextCustomizer@60a2630a, org.springframework.boot.test.json.DuplicateJsonObjectContextCustomizerFactory$DuplicateJsonObjectContextCustomizer@60641ec8, org.springframework.boot.test.mock.mockito.MockitoContextCustomizer@0, org.springframework.boot.test.web.client.TestRestTemplateContextCustomizer@57eda880, org.springframework.boot.test.context.SpringBootTestArgs@1, org.springframework.boot.test.context.SpringBootTestWebEnvironment@4ef74c30], resourceBasePath = 'src/main/webapp', contextLoader = 'org.springframework.boot.test.context.SpringBootContextLoader', parent = [null]], attributes = map['org.springframework.test.context.web.ServletTestExecutionListener.activateListener' -> true]], class annotated with @DirtiesContext [false] with mode [null].

  .   ____          _            __ _ _
 /\\ / ___'_ __ _ _(_)_ __  __ _ \ \ \ \
( ( )\___ | '_ | '_| | '_ \/ _` | \ \ \ \
 \\/  ___)| |_)| | | | | || (_| |  ) ) ) )
  '  |____| .__|_| |_|_| |_\__, | / / / /
 =========|_|==============|___/=/_/_/_/
 :: Spring Boot ::               (v2.7.13)

2023-07-13 17:54:59.484  INFO 35505 --- [    Test worker] c.p.inditex.InditexApplicationTests      : Starting InditexApplicationTests using Java 11.0.19 on MacBook-Air-de-Alvaro.local with PID 35505 (started by alvarosantos in /Users/alvarosantos/workspace/Inditex)
2023-07-13 17:54:59.485  INFO 35505 --- [    Test worker] c.p.inditex.InditexApplicationTests      : No active profile set, falling back to 1 default profile: "default"
2023-07-13 17:54:59.747  INFO 35505 --- [    Test worker] .s.d.r.c.RepositoryConfigurationDelegate : Bootstrapping Spring Data JPA repositories in DEFAULT mode.
2023-07-13 17:54:59.752  INFO 35505 --- [    Test worker] .s.d.r.c.RepositoryConfigurationDelegate : Finished Spring Data repository scanning in 2 ms. Found 0 JPA repository interfaces.
2023-07-13 17:54:59.963  INFO 35505 --- [    Test worker] o.f.c.internal.license.VersionPrinter    : Flyway Community Edition 8.5.13 by Redgate
2023-07-13 17:54:59.963  INFO 35505 --- [    Test worker] o.f.c.internal.license.VersionPrinter    : See what's new here: https://flywaydb.org/documentation/learnmore/releaseNotes#8.5.13
2023-07-13 17:54:59.963  INFO 35505 --- [    Test worker] o.f.c.internal.license.VersionPrinter    : 
2023-07-13 17:54:59.967  INFO 35505 --- [    Test worker] com.zaxxer.hikari.HikariDataSource       : HikariPool-1 - Starting...
2023-07-13 17:55:00.058  INFO 35505 --- [    Test worker] com.zaxxer.hikari.HikariDataSource       : HikariPool-1 - Start completed.
2023-07-13 17:55:00.064  INFO 35505 --- [    Test worker] o.f.c.i.database.base.BaseDatabaseType   : Database: jdbc:h2:mem:a10294c1-cd05-476b-840e-e1607d2a80a1 (H2 2.1)
2023-07-13 17:55:00.081  WARN 35505 --- [    Test worker] o.f.c.internal.database.base.Database    : Flyway upgrade recommended: H2 2.1.214 is newer than this version of Flyway and support has not been tested. The latest supported version of H2 is 2.1.210.
2023-07-13 17:55:00.087  INFO 35505 --- [    Test worker] o.f.core.internal.command.DbValidate     : Successfully validated 0 migrations (execution time 00:00.002s)
2023-07-13 17:55:00.087  WARN 35505 --- [    Test worker] o.f.core.internal.command.DbValidate     : No migrations found. Are your locations set up correctly?
2023-07-13 17:55:00.090  INFO 35505 --- [    Test worker] o.f.c.i.s.JdbcTableSchemaHistory         : Creating Schema History table "PUBLIC"."flyway_schema_history" ...
2023-07-13 17:55:00.105  INFO 35505 --- [    Test worker] o.f.core.internal.command.DbMigrate      : Current version of schema "PUBLIC": << Empty Schema >>
2023-07-13 17:55:00.105  INFO 35505 --- [    Test worker] o.f.core.internal.command.DbMigrate      : Schema "PUBLIC" is up to date. No migration necessary.
2023-07-13 17:55:00.180  INFO 35505 --- [    Test worker] o.hibernate.jpa.internal.util.LogHelper  : HHH000204: Processing PersistenceUnitInfo [name: default]
2023-07-13 17:55:00.201  INFO 35505 --- [    Test worker] org.hibernate.Version                    : HHH000412: Hibernate ORM core version 5.6.15.Final
2023-07-13 17:55:00.276  INFO 35505 --- [    Test worker] o.hibernate.annotations.common.Version   : HCANN000001: Hibernate Commons Annotations {5.1.2.Final}
2023-07-13 17:55:00.332  INFO 35505 --- [    Test worker] org.hibernate.dialect.Dialect            : HHH000400: Using dialect: org.hibernate.dialect.H2Dialect
2023-07-13 17:55:00.415  INFO 35505 --- [    Test worker] o.h.e.t.j.p.i.JtaPlatformInitiator       : HHH000490: Using JtaPlatform implementation: [org.hibernate.engine.transaction.jta.platform.internal.NoJtaPlatform]
2023-07-13 17:55:00.420  INFO 35505 --- [    Test worker] j.LocalContainerEntityManagerFactoryBean : Initialized JPA EntityManagerFactory for persistence unit 'default'
2023-07-13 17:55:00.501  WARN 35505 --- [    Test worker] JpaBaseConfiguration$JpaWebConfiguration : spring.jpa.open-in-view is enabled by default. Therefore, database queries may be performed during view rendering. Explicitly configure spring.jpa.open-in-view to disable this warning
2023-07-13 17:55:00.735  INFO 35505 --- [    Test worker] c.p.inditex.InditexApplicationTests      : Started InditexApplicationTests in 1.545 seconds (JVM running for 2.06)
]]></system-out>
  <system-err><![CDATA[]]></system-err>
</testsuite>
